<?xml version="1.0" encoding="UTF-8"?>
<testng-results skipped="0" failed="0" total="1" passed="1">
  <reporter-output>
  </reporter-output>
  <suite name="Command line suite" duration-ms="2783" started-at="2013-10-23T04:10:05Z" finished-at="2013-10-23T04:10:08Z">
    <groups>
      <group name="bucketWrite">
        <method signature="S3Test.bucketWriteTest()[pri:0, instance:test.java.S3Test@6f9550a8]" name="bucketWriteTest" class="test.java.S3Test"/>
      </group> <!-- bucketWrite -->
    </groups>
    <test name="Command line test" duration-ms="2783" started-at="2013-10-23T04:10:05Z" finished-at="2013-10-23T04:10:08Z">
      <class name="test.java.S3Test">
        <test-method status="PASS" signature="initLogger()[pri:0, instance:test.java.S3Test@6f9550a8]" name="initLogger" is-config="true" duration-ms="17" started-at="2013-10-23T07:10:05Z" finished-at="2013-10-23T07:10:05Z">
          <reporter-output>
          </reporter-output>
        </test-method> <!-- initLogger -->
        <test-method status="PASS" signature="before()[pri:0, instance:test.java.S3Test@6f9550a8]" name="before" is-config="true" duration-ms="1" started-at="2013-10-23T07:10:05Z" finished-at="2013-10-23T07:10:05Z">
          <reporter-output>
          </reporter-output>
        </test-method> <!-- before -->
        <test-method status="PASS" signature="bucketWriteTest()[pri:0, instance:test.java.S3Test@6f9550a8]" name="bucketWriteTest" duration-ms="2772" started-at="2013-10-23T07:10:05Z" finished-at="2013-10-23T07:10:08Z">
          <reporter-output>
          </reporter-output>
        </test-method> <!-- bucketWriteTest -->
      </class> <!-- test.java.S3Test -->
    </test> <!-- Command line test -->
  </suite> <!-- Command line suite -->
</testng-results>
