<?xml version="1.0" encoding="UTF-8"?>
<testng-results skipped="0" failed="0" total="1" passed="1">
  <reporter-output>
  </reporter-output>
  <suite name="Command line suite" duration-ms="1011" started-at="2013-10-21T13:44:18Z" finished-at="2013-10-21T13:44:19Z">
    <groups>
      <group name="test">
        <method signature="S3Test.bucketTest()[pri:0, instance:test.java.S3Test@74ff0f4]" name="bucketTest" class="test.java.S3Test"/>
      </group> <!-- test -->
    </groups>
    <test name="Command line test" duration-ms="1011" started-at="2013-10-21T13:44:18Z" finished-at="2013-10-21T13:44:19Z">
      <class name="test.java.TestInitialize">
        <test-method status="PASS" signature="initLogger()[pri:0, instance:test.java.TestInitialize@1d140071]" name="initLogger" is-config="true" duration-ms="16" started-at="2013-10-21T16:44:18Z" finished-at="2013-10-21T16:44:18Z">
          <reporter-output>
          </reporter-output>
        </test-method> <!-- initLogger -->
      </class> <!-- test.java.TestInitialize -->
      <class name="test.java.S3Test">
        <test-method status="PASS" signature="before()[pri:0, instance:test.java.S3Test@74ff0f4]" name="before" is-config="true" duration-ms="1" started-at="2013-10-21T16:44:18Z" finished-at="2013-10-21T16:44:18Z">
          <reporter-output>
          </reporter-output>
        </test-method> <!-- before -->
        <test-method status="PASS" signature="bucketTest()[pri:0, instance:test.java.S3Test@74ff0f4]" name="bucketTest" duration-ms="999" started-at="2013-10-21T16:44:18Z" finished-at="2013-10-21T16:44:19Z">
          <reporter-output>
          </reporter-output>
        </test-method> <!-- bucketTest -->
      </class> <!-- test.java.S3Test -->
    </test> <!-- Command line test -->
  </suite> <!-- Command line suite -->
</testng-results>
