<?xml version="1.0" encoding="UTF-8"?>
<testng-results skipped="0" failed="0" total="2" passed="2">
  <reporter-output>
  </reporter-output>
  <suite name="Default suite" duration-ms="5612" started-at="2013-10-25T08:17:04Z" finished-at="2013-10-25T08:17:10Z">
    <groups>
      <group name="corsWDNew">
        <method signature="CorsWebDriverTest_New.allowedOriginNegative()[pri:0, instance:test.java.CorsWebDriverTest_New@5f16e402]" name="allowedOriginNegative" class="test.java.CorsWebDriverTest_New"/>
        <method signature="CorsWebDriverTest_New.allowedOriginPositive()[pri:0, instance:test.java.CorsWebDriverTest_New@5f16e402]" name="allowedOriginPositive" class="test.java.CorsWebDriverTest_New"/>
      </group> <!-- corsWDNew -->
    </groups>
    <test name="Default test" duration-ms="5612" started-at="2013-10-25T08:17:04Z" finished-at="2013-10-25T08:17:10Z">
      <class name="test.java.CorsWebDriverTest_New">
        <test-method status="PASS" signature="initLogger()[pri:0, instance:test.java.CorsWebDriverTest_New@5f16e402]" name="initLogger" is-config="true" duration-ms="21" started-at="2013-10-25T11:17:04Z" finished-at="2013-10-25T11:17:04Z">
          <reporter-output>
          </reporter-output>
        </test-method> <!-- initLogger -->
        <test-method status="PASS" signature="createDriver()[pri:0, instance:test.java.CorsWebDriverTest_New@5f16e402]" name="createDriver" is-config="true" duration-ms="3509" started-at="2013-10-25T11:17:04Z" finished-at="2013-10-25T11:17:08Z">
          <reporter-output>
          </reporter-output>
        </test-method> <!-- createDriver -->
        <test-method status="PASS" signature="allowedOriginNegative()[pri:0, instance:test.java.CorsWebDriverTest_New@5f16e402]" name="allowedOriginNegative" duration-ms="1448" started-at="2013-10-25T11:17:08Z" finished-at="2013-10-25T11:17:09Z">
          <reporter-output>
          </reporter-output>
        </test-method> <!-- allowedOriginNegative -->
        <test-method status="PASS" signature="allowedOriginPositive()[pri:0, instance:test.java.CorsWebDriverTest_New@5f16e402]" name="allowedOriginPositive" duration-ms="458" started-at="2013-10-25T11:17:09Z" finished-at="2013-10-25T11:17:10Z">
          <reporter-output>
          </reporter-output>
        </test-method> <!-- allowedOriginPositive -->
        <test-method status="PASS" signature="tear()[pri:0, instance:test.java.CorsWebDriverTest_New@5f16e402]" name="tear" is-config="true" duration-ms="188" started-at="2013-10-25T11:17:10Z" finished-at="2013-10-25T11:17:10Z">
          <reporter-output>
          </reporter-output>
        </test-method> <!-- tear -->
      </class> <!-- test.java.CorsWebDriverTest_New -->
    </test> <!-- Default test -->
  </suite> <!-- Default suite -->
</testng-results>
