<?xml version="1.0" encoding="UTF-8"?>
<testng-results skipped="0" failed="0" total="1" passed="1">
  <reporter-output>
  </reporter-output>
  <suite name="Default suite" duration-ms="2594" started-at="2013-10-23T05:19:52Z" finished-at="2013-10-23T05:19:55Z">
    <groups>
      <group name="cors">
        <method signature="CorsTest.test()[pri:0, instance:test.java.CorsTest@32e02ddd]" name="test" class="test.java.CorsTest"/>
      </group> <!-- cors -->
    </groups>
    <test name="Default test" duration-ms="2594" started-at="2013-10-23T05:19:52Z" finished-at="2013-10-23T05:19:55Z">
      <class name="test.java.CorsTest">
        <test-method status="PASS" signature="initLogger()[pri:0, instance:test.java.CorsTest@32e02ddd]" name="initLogger" is-config="true" duration-ms="18" started-at="2013-10-23T08:19:52Z" finished-at="2013-10-23T08:19:52Z">
          <reporter-output>
          </reporter-output>
        </test-method> <!-- initLogger -->
        <test-method status="PASS" signature="test()[pri:0, instance:test.java.CorsTest@32e02ddd]" name="test" duration-ms="2587" started-at="2013-10-23T08:19:52Z" finished-at="2013-10-23T08:19:55Z">
          <reporter-output>
          </reporter-output>
        </test-method> <!-- test -->
      </class> <!-- test.java.CorsTest -->
    </test> <!-- Default test -->
  </suite> <!-- Default suite -->
</testng-results>
